<?xml version="1.0" encoding="UTF-8"?>
<coverage generated="1710069982559" clover="3.2.0">
  <project timestamp="1710069982560" name="All files">
    <metrics statements="31" coveredstatements="27" conditionals="16" coveredconditionals="16" methods="11" coveredmethods="9" elements="58" coveredelements="52" complexity="0" loc="31" ncloc="31" packages="2" files="2" classes="2"/>
    <package name="entities">
      <metrics statements="14" coveredstatements="14" conditionals="10" coveredconditionals="10" methods="5" coveredmethods="5"/>
      <file name="Task.js" path="C:\Personnal-Projects\todo-app\src\domain\entities\Task.js">
        <metrics statements="14" coveredstatements="14" conditionals="10" coveredconditionals="10" methods="5" coveredmethods="5"/>
        <line num="3" count="4" type="cond" truecount="2" falsecount="0"/>
        <line num="4" count="1" type="stmt"/>
        <line num="6" count="3" type="cond" truecount="2" falsecount="0"/>
        <line num="7" count="1" type="stmt"/>
        <line num="9" count="2" type="cond" truecount="2" falsecount="0"/>
        <line num="10" count="1" type="stmt"/>
        <line num="12" count="1" type="stmt"/>
        <line num="13" count="1" type="stmt"/>
        <line num="14" count="1" type="stmt"/>
        <line num="15" count="1" type="stmt"/>
        <line num="19" count="1" type="stmt"/>
        <line num="29" count="4" type="cond" truecount="2" falsecount="0"/>
        <line num="32" count="3" type="cond" truecount="2" falsecount="0"/>
        <line num="35" count="2" type="stmt"/>
      </file>
    </package>
    <package name="usecases">
      <metrics statements="17" coveredstatements="13" conditionals="6" coveredconditionals="6" methods="6" coveredmethods="4"/>
      <file name="TaskInteractor.js" path="C:\Personnal-Projects\todo-app\src\domain\usecases\TaskInteractor.js">
        <metrics statements="17" coveredstatements="13" conditionals="6" coveredconditionals="6" methods="6" coveredmethods="4"/>
        <line num="3" count="9" type="stmt"/>
        <line num="6" count="3" type="stmt"/>
        <line num="7" count="2" type="cond" truecount="2" falsecount="0"/>
        <line num="8" count="1" type="stmt"/>
        <line num="10" count="1" type="stmt"/>
        <line num="13" count="3" type="stmt"/>
        <line num="14" count="2" type="cond" truecount="2" falsecount="0"/>
        <line num="15" count="1" type="stmt"/>
        <line num="17" count="1" type="stmt"/>
        <line num="20" count="0" type="stmt"/>
        <line num="21" count="0" type="stmt"/>
        <line num="24" count="3" type="stmt"/>
        <line num="25" count="2" type="cond" truecount="2" falsecount="0"/>
        <line num="26" count="1" type="stmt"/>
        <line num="28" count="1" type="stmt"/>
        <line num="31" count="0" type="stmt"/>
        <line num="32" count="0" type="stmt"/>
      </file>
    </package>
  </project>
</coverage>
