TN:
SF:src\domain\entities\Task.js
FN:2,(anonymous_0)
FN:18,(anonymous_1)
FN:28,(anonymous_2)
FN:31,(anonymous_3)
FN:34,(anonymous_4)
FNF:5
FNH:5
FNDA:4,(anonymous_0)
FNDA:1,(anonymous_1)
FNDA:4,(anonymous_2)
FNDA:3,(anonymous_3)
FNDA:2,(anonymous_4)
DA:3,4
DA:4,1
DA:6,3
DA:7,1
DA:9,2
DA:10,1
DA:12,1
DA:13,1
DA:14,1
DA:15,1
DA:19,1
DA:29,4
DA:32,3
DA:35,2
LF:14
LH:14
BRDA:3,0,0,1
BRDA:3,0,1,3
BRDA:6,1,0,1
BRDA:6,1,1,2
BRDA:9,2,0,1
BRDA:9,2,1,1
BRDA:29,3,0,1
BRDA:29,3,1,3
BRDA:32,4,0,1
BRDA:32,4,1,2
BRF:10
BRH:10
end_of_record
